e:\lordofchess\chesslord\chesslord\x64\debug\vc120.pdb
e:\lordofchess\chesslord\chesslord\x64\debug\qtquick2applicationviewer.obj
e:\lordofchess\chesslord\chesslord\x64\debug\playsound.obj
e:\lordofchess\chesslord\chesslord\x64\debug\map.obj
e:\lordofchess\chesslord\chesslord\x64\debug\main.obj
e:\lordofchess\chesslord\chesslord\x64\debug\mythread.obj
e:\lordofchess\chesslord\chesslord\x64\debug\keyboard.obj
e:\lordofchess\chesslord\chesslord\x64\debug\moc_qtquick2applicationviewer.obj
e:\lordofchess\chesslord\chesslord\x64\debug\moc_mythread.obj
e:\lordofchess\chesslord\chesslord\x64\debug\moc_map.obj
e:\lordofchess\chesslord\chesslord\x64\debug\moc_keyboard.obj
e:\lordofchess\chesslord\chesslord\x64\debug\basic.obj
e:\lordofchess\chesslord\chesslord\x64\debug\moc_adapter.obj
e:\lordofchess\chesslord\chesslord\x64\debug\adapter.obj
e:\lordofchess\chesslord\chesslord\generatedfiles\debug\moc_qtquick2applicationviewer.cpp
e:\lordofchess\chesslord\chesslord\generatedfiles\debug\moc_map.cpp
e:\lordofchess\chesslord\chesslord\generatedfiles\debug\moc_mythread.cpp
e:\lordofchess\chesslord\chesslord\generatedfiles\debug\moc_keyboard.cpp
e:\lordofchess\chesslord\chesslord\generatedfiles\debug\moc_adapter.cpp
e:\lordofchess\chesslord\x64\debug\chesslord.ilk
e:\lordofchess\chesslord\x64\debug\chesslord.exe
e:\lordofchess\chesslord\x64\debug\chesslord.pdb
e:\lordofchess\chesslord\chesslord\x64\debug\chesslord.res
e:\lordofchess\chesslord\chesslord\x64\debug\chesslord.tlog\cl.command.1.tlog
e:\lordofchess\chesslord\chesslord\x64\debug\chesslord.tlog\cl.read.1.tlog
e:\lordofchess\chesslord\chesslord\x64\debug\chesslord.tlog\cl.write.1.tlog
e:\lordofchess\chesslord\chesslord\x64\debug\chesslord.tlog\custombuild.command.1.tlog
e:\lordofchess\chesslord\chesslord\x64\debug\chesslord.tlog\custombuild.read.1.tlog
e:\lordofchess\chesslord\chesslord\x64\debug\chesslord.tlog\custombuild.write.1.tlog
e:\lordofchess\chesslord\chesslord\x64\debug\chesslord.tlog\link.command.1.tlog
e:\lordofchess\chesslord\chesslord\x64\debug\chesslord.tlog\link.read.1.tlog
e:\lordofchess\chesslord\chesslord\x64\debug\chesslord.tlog\link.write.1.tlog
e:\lordofchess\chesslord\chesslord\x64\debug\chesslord.tlog\rc.command.1.tlog
e:\lordofchess\chesslord\chesslord\x64\debug\chesslord.tlog\rc.read.1.tlog
e:\lordofchess\chesslord\chesslord\x64\debug\chesslord.tlog\rc.write.1.tlog
